<?xml version="1.0" encoding="UTF-8"?>
<!-- Generated by org.testng.reporters.JUnitXMLReporter -->
<testsuite ignored="0" hostname="DESKTOP-IGKLUGB" failures="0" tests="9" name="TestCycle1" time="58.884" errors="0" timestamp="2023-10-05T11:54:30 IST">
  <testcase classname="com.app.TestNGScripts.TestAnnotation" name="GetTitle" time="7.945"/>
  <testcase classname="com.app.TestNGScripts.TestAnnotation" name="login" time="7.452"/>
  <testcase classname="com.app.TestNGScripts.TestAnnotation" name="logout" time="9.881"/>
  <testcase classname="com.app.TestNGScripts.BeforeAftermethodAnnoatation" name="GetTitle" time="0.019"/>
  <testcase classname="com.app.TestNGScripts.BeforeAftermethodAnnoatation" name="login" time="3.324"/>
  <testcase classname="com.app.TestNGScripts.BeforeAftermethodAnnoatation" name="logout" time="5.584"/>
  <testcase classname="com.app.TestNGScripts.BeforeAfterClassAnnoation" name="GetTitle" time="0.025"/>
  <testcase classname="com.app.TestNGScripts.BeforeAfterClassAnnoation" name="login" time="3.515"/>
  <testcase classname="com.app.TestNGScripts.BeforeAfterClassAnnoation" name="logout" time="2.174"/>
</testsuite> <!-- TestCycle1 -->
