<?xml version="1.0" encoding="UTF-8"?>
<!-- Generated by org.testng.reporters.JUnitXMLReporter -->
<testsuite ignored="0" hostname="DESKTOP-IGKLUGB" failures="0" tests="4" name="Default test" time="30.437" errors="0" timestamp="2023-10-11T15:04:14 IST">
  <testcase classname="com.ninja.qa.TestPages.HomePageTest" name="testTitle" time="0.07"/>
  <testcase classname="com.ninja.qa.TestPages.HomePageTest" name="testRegisterLink" time="1.043"/>
  <testcase classname="com.ninja.qa.TestPages.HomePageTest" name="testLoginLink" time="0.753"/>
  <testcase classname="com.ninja.qa.TestPages.HomePageTest" name="testMacLink" time="2.35"/>
</testsuite> <!-- Default test -->
